<?xml version="1.0" encoding="UTF-8"?>
<testng-results skipped="0" failed="0" ignored="0" total="1" passed="1">
  <reporter-output>
  </reporter-output>
  <suite name="Default suite" duration-ms="36697" started-at="2019-07-05T10:44:32Z" finished-at="2019-07-05T10:45:09Z">
    <groups>
    </groups>
    <test name="Default test" duration-ms="36697" started-at="2019-07-05T10:44:32Z" finished-at="2019-07-05T10:45:09Z">
      <class name="com.training.sanity.tests.ELTC_037_Review_Reporting">
        <test-method status="PASS" signature="setUpBeforeClass()[pri:0, instance:com.training.sanity.tests.ELTC_037_Review_Reporting@3bfdc050]" name="setUpBeforeClass" is-config="true" duration-ms="20" started-at="2019-07-05T10:44:32Z" finished-at="2019-07-05T10:44:32Z">
          <reporter-output>
          </reporter-output>
        </test-method> <!-- setUpBeforeClass -->
        <test-method status="PASS" signature="setUp()[pri:0, instance:com.training.sanity.tests.ELTC_037_Review_Reporting@3bfdc050]" name="setUp" is-config="true" duration-ms="9372" started-at="2019-07-05T10:44:32Z" finished-at="2019-07-05T10:44:41Z">
          <reporter-output>
          </reporter-output>
        </test-method> <!-- setUp -->
        <test-method status="PASS" signature="ReviewReport()[pri:0, instance:com.training.sanity.tests.ELTC_037_Review_Reporting@3bfdc050]" name="ReviewReport" duration-ms="26278" started-at="2019-07-05T10:44:41Z" finished-at="2019-07-05T10:45:08Z">
          <reporter-output>
          </reporter-output>
        </test-method> <!-- ReviewReport -->
        <test-method status="PASS" signature="tearDown()[pri:0, instance:com.training.sanity.tests.ELTC_037_Review_Reporting@3bfdc050]" name="tearDown" is-config="true" duration-ms="1004" started-at="2019-07-05T10:45:08Z" finished-at="2019-07-05T10:45:09Z">
          <reporter-output>
          </reporter-output>
        </test-method> <!-- tearDown -->
      </class> <!-- com.training.sanity.tests.ELTC_037_Review_Reporting -->
    </test> <!-- Default test -->
  </suite> <!-- Default suite -->
</testng-results>
